19:56:46.670 ERROR Cannot set headers after they are sent to the client
{"code":"ERR_HTTP_HEADERS_SENT"}
Error: Cannot set headers after they are sent to the client
    at new NodeError (node:internal/errors:387:5)
    at ServerResponse.setHeader (node:_http_outgoing:603:11)
    at ServerResponse.header (/com.docker.devenvironments.code/node_modules/express/lib/response.js:771:10)
    at ServerResponse.send (/com.docker.devenvironments.code/node_modules/express/lib/response.js:170:12)
    at ServerResponse.json (/com.docker.devenvironments.code/node_modules/express/lib/response.js:267:15)
    at GetAllInspectionCategoryController.ok (/com.docker.devenvironments.code/src/core/infra/base.controller.ts:36:35)
    at GetAllInspectionCategoryController.<anonymous> (/com.docker.devenvironments.code/src/modules/inspectionCategory/controllers/get.all.inspection.category.controller.ts:28:29)
    at Generator.next (<anonymous>)
    at fulfilled (/com.docker.devenvironments.code/src/modules/inspectionCategory/controllers/get.all.inspection.category.controller.ts:5:58)
    at processTicksAndRejections (node:internal/process/task_queues:96:5) 
20:45:51.602 ERROR Cannot set headers after they are sent to the client
{"code":"ERR_HTTP_HEADERS_SENT"}
Error: Cannot set headers after they are sent to the client
    at new NodeError (node:internal/errors:387:5)
    at ServerResponse.setHeader (node:_http_outgoing:603:11)
    at ServerResponse.header (/com.docker.devenvironments.code/node_modules/express/lib/response.js:771:10)
    at ServerResponse.send (/com.docker.devenvironments.code/node_modules/express/lib/response.js:170:12)
    at ServerResponse.json (/com.docker.devenvironments.code/node_modules/express/lib/response.js:267:15)
    at GetAllInspectionCategoryController.ok (/com.docker.devenvironments.code/src/core/infra/base.controller.ts:36:35)
    at GetAllInspectionCategoryController.<anonymous> (/com.docker.devenvironments.code/src/modules/inspectionCategory/controllers/get.all.inspection.category.controller.ts:28:29)
    at Generator.next (<anonymous>)
    at fulfilled (/com.docker.devenvironments.code/src/modules/inspectionCategory/controllers/get.all.inspection.category.controller.ts:5:58)
    at runMicrotasks (<anonymous>) 
20:52:27.908 ERROR Cannot set headers after they are sent to the client
{"code":"ERR_HTTP_HEADERS_SENT"}
Error: Cannot set headers after they are sent to the client
    at new NodeError (node:internal/errors:387:5)
    at ServerResponse.setHeader (node:_http_outgoing:603:11)
    at ServerResponse.header (/com.docker.devenvironments.code/node_modules/express/lib/response.js:771:10)
    at ServerResponse.send (/com.docker.devenvironments.code/node_modules/express/lib/response.js:170:12)
    at ServerResponse.json (/com.docker.devenvironments.code/node_modules/express/lib/response.js:267:15)
    at GetAllInspectionCategoryController.ok (/com.docker.devenvironments.code/src/core/infra/base.controller.ts:36:35)
    at GetAllInspectionCategoryController.<anonymous> (/com.docker.devenvironments.code/src/modules/inspectionCategory/controllers/get.all.inspection.category.controller.ts:28:29)
    at Generator.next (<anonymous>)
    at fulfilled (/com.docker.devenvironments.code/src/modules/inspectionCategory/controllers/get.all.inspection.category.controller.ts:5:58)
    at runMicrotasks (<anonymous>) 
21:12:29.059 ERROR Cannot set headers after they are sent to the client
{"code":"ERR_HTTP_HEADERS_SENT"}
Error: Cannot set headers after they are sent to the client
    at new NodeError (node:internal/errors:387:5)
    at ServerResponse.setHeader (node:_http_outgoing:603:11)
    at ServerResponse.header (/com.docker.devenvironments.code/node_modules/express/lib/response.js:771:10)
    at ServerResponse.send (/com.docker.devenvironments.code/node_modules/express/lib/response.js:170:12)
    at ServerResponse.json (/com.docker.devenvironments.code/node_modules/express/lib/response.js:267:15)
    at GetAllInspectionCategoryController.ok (/com.docker.devenvironments.code/src/core/infra/base.controller.ts:36:35)
    at GetAllInspectionCategoryController.<anonymous> (/com.docker.devenvironments.code/src/modules/inspectionCategory/controllers/get.all.inspection.category.controller.ts:28:29)
    at Generator.next (<anonymous>)
    at fulfilled (/com.docker.devenvironments.code/src/modules/inspectionCategory/controllers/get.all.inspection.category.controller.ts:5:58)
    at runMicrotasks (<anonymous>) 
21:21:11.578 ERROR Cannot set headers after they are sent to the client
{"code":"ERR_HTTP_HEADERS_SENT"}
Error: Cannot set headers after they are sent to the client
    at new NodeError (node:internal/errors:387:5)
    at ServerResponse.setHeader (node:_http_outgoing:603:11)
    at ServerResponse.header (/com.docker.devenvironments.code/node_modules/express/lib/response.js:771:10)
    at ServerResponse.send (/com.docker.devenvironments.code/node_modules/express/lib/response.js:170:12)
    at ServerResponse.json (/com.docker.devenvironments.code/node_modules/express/lib/response.js:267:15)
    at GetAllInspectionCategoryController.ok (/com.docker.devenvironments.code/src/core/infra/base.controller.ts:36:35)
    at GetAllInspectionCategoryController.<anonymous> (/com.docker.devenvironments.code/src/modules/inspectionCategory/controllers/get.all.inspection.category.controller.ts:28:29)
    at Generator.next (<anonymous>)
    at fulfilled (/com.docker.devenvironments.code/src/modules/inspectionCategory/controllers/get.all.inspection.category.controller.ts:5:58)
    at runMicrotasks (<anonymous>) 
00:53:10.553 ERROR Cannot set headers after they are sent to the client
{"code":"ERR_HTTP_HEADERS_SENT"}
Error: Cannot set headers after they are sent to the client
    at new NodeError (node:internal/errors:387:5)
    at ServerResponse.setHeader (node:_http_outgoing:603:11)
    at ServerResponse.header (/com.docker.devenvironments.code/node_modules/express/lib/response.js:771:10)
    at ServerResponse.send (/com.docker.devenvironments.code/node_modules/express/lib/response.js:170:12)
    at ServerResponse.json (/com.docker.devenvironments.code/node_modules/express/lib/response.js:267:15)
    at GetAllInspectionCategoryController.ok (/com.docker.devenvironments.code/src/core/infra/base.controller.ts:36:35)
    at GetAllInspectionCategoryController.<anonymous> (/com.docker.devenvironments.code/src/modules/inspectionCategory/controllers/get.all.inspection.category.controller.ts:28:29)
    at Generator.next (<anonymous>)
    at fulfilled (/com.docker.devenvironments.code/src/modules/inspectionCategory/controllers/get.all.inspection.category.controller.ts:5:58)
    at runMicrotasks (<anonymous>) 
01:06:35.816 ERROR Cannot set headers after they are sent to the client
{"code":"ERR_HTTP_HEADERS_SENT"}
Error: Cannot set headers after they are sent to the client
    at new NodeError (node:internal/errors:387:5)
    at ServerResponse.setHeader (node:_http_outgoing:603:11)
    at ServerResponse.header (/com.docker.devenvironments.code/node_modules/express/lib/response.js:771:10)
    at ServerResponse.send (/com.docker.devenvironments.code/node_modules/express/lib/response.js:170:12)
    at ServerResponse.json (/com.docker.devenvironments.code/node_modules/express/lib/response.js:267:15)
    at GetAllInspectionCategoryController.ok (/com.docker.devenvironments.code/src/core/infra/base.controller.ts:36:35)
    at GetAllInspectionCategoryController.<anonymous> (/com.docker.devenvironments.code/src/modules/inspectionCategory/controllers/get.all.inspection.category.controller.ts:28:29)
    at Generator.next (<anonymous>)
    at fulfilled (/com.docker.devenvironments.code/src/modules/inspectionCategory/controllers/get.all.inspection.category.controller.ts:5:58)
    at runMicrotasks (<anonymous>) 
01:24:46.060 ERROR Cannot set headers after they are sent to the client
{"code":"ERR_HTTP_HEADERS_SENT"}
Error: Cannot set headers after they are sent to the client
    at new NodeError (node:internal/errors:387:5)
    at ServerResponse.setHeader (node:_http_outgoing:603:11)
    at ServerResponse.header (/com.docker.devenvironments.code/node_modules/express/lib/response.js:771:10)
    at ServerResponse.send (/com.docker.devenvironments.code/node_modules/express/lib/response.js:170:12)
    at ServerResponse.json (/com.docker.devenvironments.code/node_modules/express/lib/response.js:267:15)
    at GetAllInspectionCategoryController.ok (/com.docker.devenvironments.code/src/core/infra/base.controller.ts:36:35)
    at GetAllInspectionCategoryController.<anonymous> (/com.docker.devenvironments.code/src/modules/inspectionCategory/controllers/get.all.inspection.category.controller.ts:28:29)
    at Generator.next (<anonymous>)
    at fulfilled (/com.docker.devenvironments.code/src/modules/inspectionCategory/controllers/get.all.inspection.category.controller.ts:5:58)
    at runMicrotasks (<anonymous>) 
01:49:24.189 ERROR Cannot set headers after they are sent to the client
{"code":"ERR_HTTP_HEADERS_SENT"}
Error: Cannot set headers after they are sent to the client
    at new NodeError (node:internal/errors:387:5)
    at ServerResponse.setHeader (node:_http_outgoing:603:11)
    at ServerResponse.header (/com.docker.devenvironments.code/node_modules/express/lib/response.js:771:10)
    at ServerResponse.send (/com.docker.devenvironments.code/node_modules/express/lib/response.js:170:12)
    at ServerResponse.json (/com.docker.devenvironments.code/node_modules/express/lib/response.js:267:15)
    at GetAllInspectionCategoryController.ok (/com.docker.devenvironments.code/src/core/infra/base.controller.ts:36:35)
    at GetAllInspectionCategoryController.<anonymous> (/com.docker.devenvironments.code/src/modules/inspectionCategory/controllers/get.all.inspection.category.controller.ts:28:29)
    at Generator.next (<anonymous>)
    at fulfilled (/com.docker.devenvironments.code/src/modules/inspectionCategory/controllers/get.all.inspection.category.controller.ts:5:58)
    at runMicrotasks (<anonymous>) 
01:58:31.517 ERROR Cannot set headers after they are sent to the client
{"code":"ERR_HTTP_HEADERS_SENT"}
Error: Cannot set headers after they are sent to the client
    at new NodeError (node:internal/errors:387:5)
    at ServerResponse.setHeader (node:_http_outgoing:603:11)
    at ServerResponse.header (/com.docker.devenvironments.code/node_modules/express/lib/response.js:771:10)
    at ServerResponse.send (/com.docker.devenvironments.code/node_modules/express/lib/response.js:170:12)
    at ServerResponse.json (/com.docker.devenvironments.code/node_modules/express/lib/response.js:267:15)
    at GetAllInspectionCategoryController.ok (/com.docker.devenvironments.code/src/core/infra/base.controller.ts:36:35)
    at GetAllInspectionCategoryController.<anonymous> (/com.docker.devenvironments.code/src/modules/inspectionCategory/controllers/get.all.inspection.category.controller.ts:28:29)
    at Generator.next (<anonymous>)
    at fulfilled (/com.docker.devenvironments.code/src/modules/inspectionCategory/controllers/get.all.inspection.category.controller.ts:5:58)
    at runMicrotasks (<anonymous>) 
02:17:57.612 ERROR Cannot set headers after they are sent to the client
{"code":"ERR_HTTP_HEADERS_SENT"}
Error: Cannot set headers after they are sent to the client
    at new NodeError (node:internal/errors:387:5)
    at ServerResponse.setHeader (node:_http_outgoing:603:11)
    at ServerResponse.header (/com.docker.devenvironments.code/node_modules/express/lib/response.js:771:10)
    at ServerResponse.send (/com.docker.devenvironments.code/node_modules/express/lib/response.js:170:12)
    at ServerResponse.json (/com.docker.devenvironments.code/node_modules/express/lib/response.js:267:15)
    at GetAllInspectionCategoryController.ok (/com.docker.devenvironments.code/src/core/infra/base.controller.ts:36:35)
    at GetAllInspectionCategoryController.<anonymous> (/com.docker.devenvironments.code/src/modules/inspectionCategory/controllers/get.all.inspection.category.controller.ts:28:29)
    at Generator.next (<anonymous>)
    at fulfilled (/com.docker.devenvironments.code/src/modules/inspectionCategory/controllers/get.all.inspection.category.controller.ts:5:58)
    at runMicrotasks (<anonymous>) 
02:43:33.652 ERROR Cannot set headers after they are sent to the client
{"code":"ERR_HTTP_HEADERS_SENT"}
Error: Cannot set headers after they are sent to the client
    at new NodeError (node:internal/errors:387:5)
    at ServerResponse.setHeader (node:_http_outgoing:603:11)
    at ServerResponse.header (/com.docker.devenvironments.code/node_modules/express/lib/response.js:771:10)
    at ServerResponse.send (/com.docker.devenvironments.code/node_modules/express/lib/response.js:170:12)
    at ServerResponse.json (/com.docker.devenvironments.code/node_modules/express/lib/response.js:267:15)
    at GetAllInspectionCategoryController.ok (/com.docker.devenvironments.code/src/core/infra/base.controller.ts:36:35)
    at GetAllInspectionCategoryController.<anonymous> (/com.docker.devenvironments.code/src/modules/inspectionCategory/controllers/get.all.inspection.category.controller.ts:28:29)
    at Generator.next (<anonymous>)
    at fulfilled (/com.docker.devenvironments.code/src/modules/inspectionCategory/controllers/get.all.inspection.category.controller.ts:5:58)
    at runMicrotasks (<anonymous>) 
02:44:43.471 ERROR Cannot set headers after they are sent to the client
{"code":"ERR_HTTP_HEADERS_SENT"}
Error: Cannot set headers after they are sent to the client
    at new NodeError (node:internal/errors:387:5)
    at ServerResponse.setHeader (node:_http_outgoing:603:11)
    at ServerResponse.header (/com.docker.devenvironments.code/node_modules/express/lib/response.js:771:10)
    at ServerResponse.send (/com.docker.devenvironments.code/node_modules/express/lib/response.js:170:12)
    at ServerResponse.json (/com.docker.devenvironments.code/node_modules/express/lib/response.js:267:15)
    at GetAllInspectionCategoryController.ok (/com.docker.devenvironments.code/src/core/infra/base.controller.ts:36:35)
    at GetAllInspectionCategoryController.<anonymous> (/com.docker.devenvironments.code/src/modules/inspectionCategory/controllers/get.all.inspection.category.controller.ts:28:29)
    at Generator.next (<anonymous>)
    at fulfilled (/com.docker.devenvironments.code/src/modules/inspectionCategory/controllers/get.all.inspection.category.controller.ts:5:58)
    at runMicrotasks (<anonymous>) 
02:51:56.985 ERROR Cannot set headers after they are sent to the client
{"code":"ERR_HTTP_HEADERS_SENT"}
Error: Cannot set headers after they are sent to the client
    at new NodeError (node:internal/errors:387:5)
    at ServerResponse.setHeader (node:_http_outgoing:603:11)
    at ServerResponse.header (/com.docker.devenvironments.code/node_modules/express/lib/response.js:771:10)
    at ServerResponse.send (/com.docker.devenvironments.code/node_modules/express/lib/response.js:170:12)
    at ServerResponse.json (/com.docker.devenvironments.code/node_modules/express/lib/response.js:267:15)
    at GetAllInspectionCategoryController.ok (/com.docker.devenvironments.code/src/core/infra/base.controller.ts:36:35)
    at GetAllInspectionCategoryController.<anonymous> (/com.docker.devenvironments.code/src/modules/inspectionCategory/controllers/get.all.inspection.category.controller.ts:28:29)
    at Generator.next (<anonymous>)
    at fulfilled (/com.docker.devenvironments.code/src/modules/inspectionCategory/controllers/get.all.inspection.category.controller.ts:5:58)
    at runMicrotasks (<anonymous>) 
02:53:39.237 ERROR Cannot set headers after they are sent to the client
{"code":"ERR_HTTP_HEADERS_SENT"}
Error: Cannot set headers after they are sent to the client
    at new NodeError (node:internal/errors:387:5)
    at ServerResponse.setHeader (node:_http_outgoing:603:11)
    at ServerResponse.header (/com.docker.devenvironments.code/node_modules/express/lib/response.js:771:10)
    at ServerResponse.send (/com.docker.devenvironments.code/node_modules/express/lib/response.js:170:12)
    at ServerResponse.json (/com.docker.devenvironments.code/node_modules/express/lib/response.js:267:15)
    at GetAllInspectionCategoryController.ok (/com.docker.devenvironments.code/src/core/infra/base.controller.ts:36:35)
    at GetAllInspectionCategoryController.<anonymous> (/com.docker.devenvironments.code/src/modules/inspectionCategory/controllers/get.all.inspection.category.controller.ts:28:29)
    at Generator.next (<anonymous>)
    at fulfilled (/com.docker.devenvironments.code/src/modules/inspectionCategory/controllers/get.all.inspection.category.controller.ts:5:58)
    at runMicrotasks (<anonymous>) 
